08-Oct-2022 20:05:06 INFO - Starting BookStoreApplication using Java 17.0.3 on LAPTOP-HBD9VO2D with PID 23868 (C:\Users\damab\RestProject\BookStore\target\classes started by damab in C:\Users\damab\RestProject\BookStore)
08-Oct-2022 20:05:06 DEBUG - Running with Spring Boot v2.7.4, Spring v5.3.23
08-Oct-2022 20:05:06 INFO - No active profile set, falling back to 1 default profile: "default"
08-Oct-2022 20:05:10 INFO - Started BookStoreApplication in 4.331 seconds (JVM running for 5.47)
08-Oct-2022 20:06:06 INFO - Login SuccessFullyajith@gmail.ocm
08-Oct-2022 20:07:39 INFO - Starting BookStoreApplication using Java 17.0.3 on LAPTOP-HBD9VO2D with PID 23868 (C:\Users\damab\RestProject\BookStore\target\classes started by damab in C:\Users\damab\RestProject\BookStore)
08-Oct-2022 20:07:39 DEBUG - Running with Spring Boot v2.7.4, Spring v5.3.23
08-Oct-2022 20:07:39 INFO - No active profile set, falling back to 1 default profile: "default"
08-Oct-2022 20:07:40 INFO - Started BookStoreApplication in 0.707 seconds (JVM running for 155.561)
08-Oct-2022 20:07:42 INFO - Login SuccessFully ajith@gmail.ocm
08-Oct-2022 20:08:22 INFO - Cart Item Quantity is Increased
08-Oct-2022 20:09:04 ERROR - Sorry BookNot Found it is from properties
08-Oct-2022 20:11:46 INFO - Login SuccessFully ajith@gmail.ocm
08-Oct-2022 20:11:58 INFO - Enter the Correct Credentials
08-Oct-2022 20:12:04 INFO - Login SuccessFully ajith@gmail.ocm
08-Oct-2022 20:12:29 INFO - Enter the Correct Credentials
08-Oct-2022 20:12:38 INFO - Login SuccessFully ajith@gmail.ocm
08-Oct-2022 20:14:58 INFO - Profile is Viewed By User:
08-Oct-2022 20:17:03 INFO - Starting BookStoreApplication using Java 17.0.3 on LAPTOP-HBD9VO2D with PID 23868 (C:\Users\damab\RestProject\BookStore\target\classes started by damab in C:\Users\damab\RestProject\BookStore)
08-Oct-2022 20:17:03 DEBUG - Running with Spring Boot v2.7.4, Spring v5.3.23
08-Oct-2022 20:17:03 INFO - No active profile set, falling back to 1 default profile: "default"
08-Oct-2022 20:17:03 INFO - Started BookStoreApplication in 0.646 seconds (JVM running for 718.944)
08-Oct-2022 20:18:04 INFO - Profile is Viewed By User:
08-Oct-2022 20:22:03 INFO - Starting BookStoreApplication using Java 17.0.3 on LAPTOP-HBD9VO2D with PID 23868 (C:\Users\damab\RestProject\BookStore\target\classes started by damab in C:\Users\damab\RestProject\BookStore)
08-Oct-2022 20:22:03 DEBUG - Running with Spring Boot v2.7.4, Spring v5.3.23
08-Oct-2022 20:22:03 INFO - No active profile set, falling back to 1 default profile: "default"
08-Oct-2022 20:22:04 INFO - Started BookStoreApplication in 0.702 seconds (JVM running for 1019.777)
08-Oct-2022 20:22:19 ERROR - Sorry User is Not Exist
08-Oct-2022 20:22:26 INFO - User Data Is Modified
08-Oct-2022 20:22:33 INFO - Profile is Viewed By User:
08-Oct-2022 20:24:18 ERROR - Your Cart Doesn't have this Item
08-Oct-2022 20:25:06 INFO - Viewed Order Items Updated Bu OrderId:205
08-Oct-2022 20:25:43 INFO - Viewed Active Orders By User:ajith@gmail.ocm
08-Oct-2022 20:27:21 INFO - Viewed Order Items Updated Bu OrderId:202
08-Oct-2022 20:27:36 INFO - Viewed Order Items Updated Bu OrderId:203
08-Oct-2022 20:27:46 INFO - Viewed Order Items Updated Bu OrderId:201
08-Oct-2022 20:27:54 ERROR - Sorry this Order is Not Exist
08-Oct-2022 20:28:27 INFO - Searching Books By Name:rich
08-Oct-2022 20:30:40 INFO - Starting BookStoreApplication using Java 17.0.3 on LAPTOP-HBD9VO2D with PID 23868 (C:\Users\damab\RestProject\BookStore\target\classes started by damab in C:\Users\damab\RestProject\BookStore)
08-Oct-2022 20:30:40 DEBUG - Running with Spring Boot v2.7.4, Spring v5.3.23
08-Oct-2022 20:30:40 INFO - No active profile set, falling back to 1 default profile: "default"
08-Oct-2022 20:30:40 INFO - Started BookStoreApplication in 0.574 seconds (JVM running for 1535.942)
09-Oct-2022 12:54:01 INFO - Starting BookStoreApplicationTests using Java 17.0.3 on LAPTOP-HBD9VO2D with PID 23892 (started by damab in C:\Users\damab\RestProject\BookStore)
09-Oct-2022 12:54:01 DEBUG - Running with Spring Boot v2.7.4, Spring v5.3.23
09-Oct-2022 12:54:01 INFO - No active profile set, falling back to 1 default profile: "default"
09-Oct-2022 12:54:05 INFO - Started BookStoreApplicationTests in 5.015 seconds (JVM running for 7.958)
09-Oct-2022 12:54:26 INFO - Starting BookStoreApplicationTests using Java 17.0.3 on LAPTOP-HBD9VO2D with PID 2824 (started by damab in C:\Users\damab\RestProject\BookStore)
09-Oct-2022 12:54:26 DEBUG - Running with Spring Boot v2.7.4, Spring v5.3.23
09-Oct-2022 12:54:26 INFO - No active profile set, falling back to 1 default profile: "default"
09-Oct-2022 12:54:30 INFO - Started BookStoreApplicationTests in 4.322 seconds (JVM running for 6.127)
09-Oct-2022 19:47:03 INFO - Starting BookStoreApplicationTests using Java 17.0.3 on LAPTOP-HBD9VO2D with PID 17240 (started by damab in C:\Users\damab\RestProject\BookStore)
09-Oct-2022 19:47:03 DEBUG - Running with Spring Boot v2.7.4, Spring v5.3.23
09-Oct-2022 19:47:03 INFO - No active profile set, falling back to 1 default profile: "default"
09-Oct-2022 19:47:08 INFO - Started BookStoreApplicationTests in 4.862 seconds (JVM running for 6.838)
09-Oct-2022 19:47:08 INFO - New Book Added To the Store
09-Oct-2022 19:49:51 INFO - Starting BookStoreApplicationTests using Java 17.0.3 on LAPTOP-HBD9VO2D with PID 22908 (started by damab in C:\Users\damab\RestProject\BookStore)
09-Oct-2022 19:49:51 DEBUG - Running with Spring Boot v2.7.4, Spring v5.3.23
09-Oct-2022 19:49:51 INFO - No active profile set, falling back to 1 default profile: "default"
09-Oct-2022 19:49:55 INFO - Started BookStoreApplicationTests in 4.373 seconds (JVM running for 6.27)
09-Oct-2022 19:49:55 INFO - New Book Added To the Store
09-Oct-2022 21:49:09 INFO - Starting UserTest using Java 17.0.3 on LAPTOP-HBD9VO2D with PID 15256 (started by damab in C:\Users\damab\RestProject\BookStore)
09-Oct-2022 21:49:09 DEBUG - Running with Spring Boot v2.7.4, Spring v5.3.23
09-Oct-2022 21:49:09 INFO - No active profile set, falling back to 1 default profile: "default"
09-Oct-2022 21:49:14 INFO - Started UserTest in 5.801 seconds (JVM running for 7.968)
09-Oct-2022 21:51:24 INFO - Starting UserTest using Java 17.0.3 on LAPTOP-HBD9VO2D with PID 23632 (started by damab in C:\Users\damab\RestProject\BookStore)
09-Oct-2022 21:51:24 DEBUG - Running with Spring Boot v2.7.4, Spring v5.3.23
09-Oct-2022 21:51:24 INFO - No active profile set, falling back to 1 default profile: "default"
09-Oct-2022 21:51:29 INFO - Started UserTest in 5.269 seconds (JVM running for 7.382)
09-Oct-2022 21:51:29 INFO - Profile is Viewed By User:
09-Oct-2022 21:53:11 INFO - Starting UserTest using Java 17.0.3 on LAPTOP-HBD9VO2D with PID 15104 (started by damab in C:\Users\damab\RestProject\BookStore)
09-Oct-2022 21:53:11 DEBUG - Running with Spring Boot v2.7.4, Spring v5.3.23
09-Oct-2022 21:53:11 INFO - No active profile set, falling back to 1 default profile: "default"
09-Oct-2022 21:53:16 INFO - Started UserTest in 5.251 seconds (JVM running for 7.504)
09-Oct-2022 21:53:16 INFO - Profile is Viewed By User:
09-Oct-2022 21:53:41 INFO - Starting UserTest using Java 17.0.3 on LAPTOP-HBD9VO2D with PID 22540 (started by damab in C:\Users\damab\RestProject\BookStore)
09-Oct-2022 21:53:41 DEBUG - Running with Spring Boot v2.7.4, Spring v5.3.23
09-Oct-2022 21:53:41 INFO - No active profile set, falling back to 1 default profile: "default"
09-Oct-2022 21:53:46 INFO - Started UserTest in 5.187 seconds (JVM running for 7.214)
09-Oct-2022 22:04:40 INFO - Starting UserTest using Java 17.0.3 on LAPTOP-HBD9VO2D with PID 21512 (started by damab in C:\Users\damab\RestProject\BookStore)
09-Oct-2022 22:04:41 DEBUG - Running with Spring Boot v2.7.4, Spring v5.3.23
09-Oct-2022 22:04:41 INFO - No active profile set, falling back to 1 default profile: "default"
09-Oct-2022 22:04:45 INFO - Started UserTest in 5.382 seconds (JVM running for 7.578)
09-Oct-2022 22:05:05 INFO - Starting UserTest using Java 17.0.3 on LAPTOP-HBD9VO2D with PID 23764 (started by damab in C:\Users\damab\RestProject\BookStore)
09-Oct-2022 22:05:05 DEBUG - Running with Spring Boot v2.7.4, Spring v5.3.23
09-Oct-2022 22:05:05 INFO - No active profile set, falling back to 1 default profile: "default"
09-Oct-2022 22:05:10 INFO - Started UserTest in 5.393 seconds (JVM running for 7.722)
09-Oct-2022 22:05:10 INFO - Profile is Viewed By User:
09-Oct-2022 22:06:10 INFO - Starting BookStoreApplication using Java 17.0.3 on LAPTOP-HBD9VO2D with PID 23448 (C:\Users\damab\RestProject\BookStore\target\classes started by damab in C:\Users\damab\RestProject\BookStore)
09-Oct-2022 22:06:10 DEBUG - Running with Spring Boot v2.7.4, Spring v5.3.23
09-Oct-2022 22:06:10 INFO - No active profile set, falling back to 1 default profile: "default"
09-Oct-2022 22:06:15 INFO - Started BookStoreApplication in 5.095 seconds (JVM running for 6.719)
09-Oct-2022 22:08:05 INFO - Starting BookStoreApplication using Java 17.0.3 on LAPTOP-HBD9VO2D with PID 22676 (C:\Users\damab\RestProject\BookStore\target\classes started by damab in C:\Users\damab\RestProject\BookStore)
09-Oct-2022 22:08:05 DEBUG - Running with Spring Boot v2.7.4, Spring v5.3.23
09-Oct-2022 22:08:05 INFO - No active profile set, falling back to 1 default profile: "default"
09-Oct-2022 22:08:10 INFO - Started BookStoreApplication in 5.469 seconds (JVM running for 6.843)
09-Oct-2022 22:08:51 INFO - Starting UserTest using Java 17.0.3 on LAPTOP-HBD9VO2D with PID 22700 (started by damab in C:\Users\damab\RestProject\BookStore)
09-Oct-2022 22:08:51 DEBUG - Running with Spring Boot v2.7.4, Spring v5.3.23
09-Oct-2022 22:08:51 INFO - No active profile set, falling back to 1 default profile: "default"
09-Oct-2022 22:08:56 INFO - Started UserTest in 5.621 seconds (JVM running for 7.714)
09-Oct-2022 22:09:26 INFO - Starting BookStoreApplication using Java 17.0.3 on LAPTOP-HBD9VO2D with PID 9080 (C:\Users\damab\RestProject\BookStore\target\classes started by damab in C:\Users\damab\RestProject\BookStore)
09-Oct-2022 22:09:26 DEBUG - Running with Spring Boot v2.7.4, Spring v5.3.23
09-Oct-2022 22:09:26 INFO - No active profile set, falling back to 1 default profile: "default"
09-Oct-2022 22:10:42 INFO - Starting BookStoreApplication using Java 17.0.3 on LAPTOP-HBD9VO2D with PID 2240 (C:\Users\damab\RestProject\BookStore\target\classes started by damab in C:\Users\damab\RestProject\BookStore)
09-Oct-2022 22:10:42 DEBUG - Running with Spring Boot v2.7.4, Spring v5.3.23
09-Oct-2022 22:10:42 INFO - No active profile set, falling back to 1 default profile: "default"
09-Oct-2022 22:10:47 INFO - Started BookStoreApplication in 4.85 seconds (JVM running for 6.08)
09-Oct-2022 22:11:41 INFO - Starting BookStoreApplication using Java 17.0.3 on LAPTOP-HBD9VO2D with PID 9684 (C:\Users\damab\RestProject\BookStore\target\classes started by damab in C:\Users\damab\RestProject\BookStore)
09-Oct-2022 22:11:41 DEBUG - Running with Spring Boot v2.7.4, Spring v5.3.23
09-Oct-2022 22:11:41 INFO - No active profile set, falling back to 1 default profile: "default"
09-Oct-2022 22:11:45 INFO - Started BookStoreApplication in 4.6 seconds (JVM running for 5.794)
09-Oct-2022 22:28:11 INFO - Starting UserTest using Java 17.0.3 on LAPTOP-HBD9VO2D with PID 12700 (started by damab in C:\Users\damab\RestProject\BookStore)
09-Oct-2022 22:28:12 DEBUG - Running with Spring Boot v2.7.4, Spring v5.3.23
09-Oct-2022 22:28:12 INFO - No active profile set, falling back to 1 default profile: "default"
09-Oct-2022 22:28:17 INFO - Started UserTest in 6.029 seconds (JVM running for 8.219)
09-Oct-2022 22:28:17 INFO - Profile is Viewed By User:
09-Oct-2022 22:28:37 INFO - Starting UserTest using Java 17.0.3 on LAPTOP-HBD9VO2D with PID 16392 (started by damab in C:\Users\damab\RestProject\BookStore)
09-Oct-2022 22:28:37 DEBUG - Running with Spring Boot v2.7.4, Spring v5.3.23
09-Oct-2022 22:28:37 INFO - No active profile set, falling back to 1 default profile: "default"
09-Oct-2022 22:28:42 INFO - Started UserTest in 5.547 seconds (JVM running for 7.661)
09-Oct-2022 22:28:43 INFO - Login SuccessFully bhuvan@Gmail.com
09-Oct-2022 22:28:43 INFO - Profile is Viewed By User:
09-Oct-2022 22:29:48 INFO - Starting BookStoreApplicationTests using Java 17.0.3 on LAPTOP-HBD9VO2D with PID 9932 (started by damab in C:\Users\damab\RestProject\BookStore)
09-Oct-2022 22:29:48 DEBUG - Running with Spring Boot v2.7.4, Spring v5.3.23
09-Oct-2022 22:29:48 INFO - No active profile set, falling back to 1 default profile: "default"
09-Oct-2022 22:29:53 INFO - Started BookStoreApplicationTests in 5.328 seconds (JVM running for 7.528)
09-Oct-2022 22:32:50 INFO - Starting UserTest using Java 17.0.3 on LAPTOP-HBD9VO2D with PID 3932 (started by damab in C:\Users\damab\RestProject\BookStore)
09-Oct-2022 22:32:50 DEBUG - Running with Spring Boot v2.7.4, Spring v5.3.23
09-Oct-2022 22:32:50 INFO - No active profile set, falling back to 1 default profile: "default"
09-Oct-2022 22:32:55 INFO - Started UserTest in 5.474 seconds (JVM running for 7.665)
09-Oct-2022 22:32:55 INFO - Login SuccessFully bhuvan@Gmail.com
09-Oct-2022 22:32:55 INFO - Enter the Correct Credentials
09-Oct-2022 22:32:55 INFO - Profile is Viewed By User:
09-Oct-2022 22:33:26 INFO - Starting UserTest using Java 17.0.3 on LAPTOP-HBD9VO2D with PID 1104 (started by damab in C:\Users\damab\RestProject\BookStore)
09-Oct-2022 22:33:26 DEBUG - Running with Spring Boot v2.7.4, Spring v5.3.23
09-Oct-2022 22:33:26 INFO - No active profile set, falling back to 1 default profile: "default"
09-Oct-2022 22:33:31 INFO - Started UserTest in 5.474 seconds (JVM running for 7.552)
09-Oct-2022 22:33:31 INFO - Enter the Correct Credentials
09-Oct-2022 22:33:31 INFO - Profile is Viewed By User:
09-Oct-2022 22:34:25 INFO - Starting UserTest using Java 17.0.3 on LAPTOP-HBD9VO2D with PID 18272 (started by damab in C:\Users\damab\RestProject\BookStore)
09-Oct-2022 22:34:25 DEBUG - Running with Spring Boot v2.7.4, Spring v5.3.23
09-Oct-2022 22:34:25 INFO - No active profile set, falling back to 1 default profile: "default"
09-Oct-2022 22:34:30 INFO - Started UserTest in 5.687 seconds (JVM running for 7.853)
09-Oct-2022 22:34:30 INFO - Login SuccessFully bhuvan@Gmail.com
09-Oct-2022 22:34:30 INFO - Enter the Correct Credentials
09-Oct-2022 22:34:30 INFO - Profile is Viewed By User:
09-Oct-2022 22:37:15 INFO - Starting UserTest using Java 17.0.3 on LAPTOP-HBD9VO2D with PID 12584 (started by damab in C:\Users\damab\RestProject\BookStore)
09-Oct-2022 22:37:15 DEBUG - Running with Spring Boot v2.7.4, Spring v5.3.23
09-Oct-2022 22:37:15 INFO - No active profile set, falling back to 1 default profile: "default"
09-Oct-2022 22:37:20 INFO - Started UserTest in 5.55 seconds (JVM running for 7.629)
09-Oct-2022 22:37:20 INFO - Login SuccessFully bhuvan@Gmail.com
09-Oct-2022 22:37:20 INFO - Enter the Correct Credentials
09-Oct-2022 22:37:20 INFO - Viewd All Users
09-Oct-2022 22:37:20 INFO - Profile is Viewed By User:
09-Oct-2022 23:07:12 INFO - Starting BookStoreApplication using Java 17.0.3 on LAPTOP-HBD9VO2D with PID 9684 (C:\Users\damab\RestProject\BookStore\target\classes started by damab in C:\Users\damab\RestProject\BookStore)
09-Oct-2022 23:07:12 DEBUG - Running with Spring Boot v2.7.4, Spring v5.3.23
09-Oct-2022 23:07:12 INFO - No active profile set, falling back to 1 default profile: "default"
09-Oct-2022 23:07:13 INFO - Started BookStoreApplication in 1.007 seconds (JVM running for 3333.293)
09-Oct-2022 23:07:13 INFO - Starting BookTest using Java 17.0.3 on LAPTOP-HBD9VO2D with PID 23060 (started by damab in C:\Users\damab\RestProject\BookStore)
09-Oct-2022 23:07:13 DEBUG - Running with Spring Boot v2.7.4, Spring v5.3.23
09-Oct-2022 23:07:13 INFO - No active profile set, falling back to 1 default profile: "default"
09-Oct-2022 23:07:16 INFO - Started BookTest in 3.586 seconds (JVM running for 5.261)
09-Oct-2022 23:07:16 INFO - Searching Books By Name:zero
09-Oct-2022 23:07:16 INFO - Viewed All the Books
09-Oct-2022 23:07:16 INFO - New Book Added To the Store
09-Oct-2022 23:07:16 INFO - Searching Books By Category:motivation
09-Oct-2022 23:11:11 INFO - Starting BookTest using Java 17.0.3 on LAPTOP-HBD9VO2D with PID 13960 (started by damab in C:\Users\damab\RestProject\BookStore)
09-Oct-2022 23:11:11 DEBUG - Running with Spring Boot v2.7.4, Spring v5.3.23
09-Oct-2022 23:11:11 INFO - No active profile set, falling back to 1 default profile: "default"
09-Oct-2022 23:11:14 INFO - Started BookTest in 3.442 seconds (JVM running for 4.982)
09-Oct-2022 23:11:15 INFO - Book Deleted From The Store SuccessFully
09-Oct-2022 23:11:15 INFO - Searching Books By Name:zero
09-Oct-2022 23:11:15 INFO - Viewed All the Books
09-Oct-2022 23:11:15 INFO - New Book Added To the Store
09-Oct-2022 23:11:15 INFO - Searching Books By Category:motivation
09-Oct-2022 23:13:29 INFO - Starting BookTest using Java 17.0.3 on LAPTOP-HBD9VO2D with PID 2908 (started by damab in C:\Users\damab\RestProject\BookStore)
09-Oct-2022 23:13:29 DEBUG - Running with Spring Boot v2.7.4, Spring v5.3.23
09-Oct-2022 23:13:29 INFO - No active profile set, falling back to 1 default profile: "default"
09-Oct-2022 23:13:33 INFO - Started BookTest in 3.571 seconds (JVM running for 5.062)
09-Oct-2022 23:13:33 INFO - Book Deleted From The Store SuccessFully
09-Oct-2022 23:13:33 INFO - Searching Books By Name:bahu
09-Oct-2022 23:13:33 INFO - Viewed All the Books
09-Oct-2022 23:13:33 INFO - New Book Added To the Store
09-Oct-2022 23:13:33 INFO - Searching Books By Category:motivation
09-Oct-2022 23:16:49 INFO - Starting BookTest using Java 17.0.3 on LAPTOP-HBD9VO2D with PID 14672 (started by damab in C:\Users\damab\RestProject\BookStore)
09-Oct-2022 23:16:49 DEBUG - Running with Spring Boot v2.7.4, Spring v5.3.23
09-Oct-2022 23:16:49 INFO - No active profile set, falling back to 1 default profile: "default"
09-Oct-2022 23:16:53 INFO - Started BookTest in 3.501 seconds (JVM running for 4.978)
09-Oct-2022 23:16:53 INFO - Book Deleted From The Store SuccessFully
09-Oct-2022 23:16:53 INFO - Searching Books By Name:bahu
09-Oct-2022 23:16:53 INFO - Viewed All the Books
09-Oct-2022 23:16:53 INFO - Searching Books By Category:motivation
09-Oct-2022 23:18:54 INFO - Starting BookTest using Java 17.0.3 on LAPTOP-HBD9VO2D with PID 5080 (started by damab in C:\Users\damab\RestProject\BookStore)
09-Oct-2022 23:18:54 DEBUG - Running with Spring Boot v2.7.4, Spring v5.3.23
09-Oct-2022 23:18:54 INFO - No active profile set, falling back to 1 default profile: "default"
09-Oct-2022 23:18:57 INFO - Started BookTest in 3.64 seconds (JVM running for 5.156)
09-Oct-2022 23:18:58 INFO - Searching Books By Name:bahu
09-Oct-2022 23:18:58 INFO - Viewed All the Books
09-Oct-2022 23:18:58 INFO - Searching Books By Category:motivation
09-Oct-2022 23:21:36 INFO - Starting BookTest using Java 17.0.3 on LAPTOP-HBD9VO2D with PID 18592 (started by damab in C:\Users\damab\RestProject\BookStore)
09-Oct-2022 23:21:36 DEBUG - Running with Spring Boot v2.7.4, Spring v5.3.23
09-Oct-2022 23:21:36 INFO - No active profile set, falling back to 1 default profile: "default"
09-Oct-2022 23:21:40 INFO - Started BookTest in 3.649 seconds (JVM running for 5.144)
09-Oct-2022 23:21:40 INFO - Book Deleted From The Store SuccessFully
09-Oct-2022 23:21:40 INFO - Searching Books By Name:bahu
09-Oct-2022 23:21:40 INFO - Viewed All the Books
09-Oct-2022 23:21:40 INFO - Searching Books By Category:motivation
10-Oct-2022 07:05:24 INFO - Starting UserTest using Java 17.0.3 on LAPTOP-HBD9VO2D with PID 20284 (started by damab in C:\Users\damab\RestProject\BookStore)
10-Oct-2022 07:05:24 DEBUG - Running with Spring Boot v2.7.4, Spring v5.3.23
10-Oct-2022 07:05:24 INFO - No active profile set, falling back to 1 default profile: "default"
10-Oct-2022 07:05:29 INFO - Started UserTest in 4.793 seconds (JVM running for 6.649)
10-Oct-2022 07:05:29 INFO - Login SuccessFully bhuvan@Gmail.com
10-Oct-2022 07:05:29 INFO - Enter the Correct Credentials
10-Oct-2022 07:05:29 INFO - Viewd All Users
10-Oct-2022 07:05:29 INFO - Profile is Viewed By User:
10-Oct-2022 07:44:03 INFO - Starting OrderTest using Java 17.0.3 on LAPTOP-HBD9VO2D with PID 18624 (started by damab in C:\Users\damab\RestProject\BookStore)
10-Oct-2022 07:44:03 DEBUG - Running with Spring Boot v2.7.4, Spring v5.3.23
10-Oct-2022 07:44:03 INFO - No active profile set, falling back to 1 default profile: "default"
10-Oct-2022 07:44:07 INFO - Started OrderTest in 4.456 seconds (JVM running for 6.321)
10-Oct-2022 07:44:08 INFO - Viewed Active Orders By User:ajith@gmail.ocm
10-Oct-2022 07:44:08 INFO - Viewed Delivered Orders By User:ajith@gmail.ocm
11-Oct-2022 14:25:09 INFO - Starting BookStoreApplication using Java 17.0.3 on LAPTOP-HBD9VO2D with PID 29524 (C:\Users\damab\RestProject\BookStore\target\classes started by damab in C:\Users\damab\RestProject\BookStore)
11-Oct-2022 14:25:09 DEBUG - Running with Spring Boot v2.7.4, Spring v5.3.23
11-Oct-2022 14:25:09 INFO - No active profile set, falling back to 1 default profile: "default"
11-Oct-2022 14:25:15 INFO - Started BookStoreApplication in 5.888 seconds (JVM running for 7.506)
11-Oct-2022 14:25:50 INFO - Viewd All Users
12-Oct-2022 07:32:32 INFO - Starting BookStoreApplication using Java 17.0.3 on LAPTOP-HBD9VO2D with PID 26820 (C:\Users\damab\RestProject\BookStore\target\classes started by damab in C:\Users\damab\RestProject\BookStore)
12-Oct-2022 07:32:32 DEBUG - Running with Spring Boot v2.7.4, Spring v5.3.23
12-Oct-2022 07:32:32 INFO - No active profile set, falling back to 1 default profile: "default"
12-Oct-2022 07:32:37 INFO - Started BookStoreApplication in 5.325 seconds (JVM running for 6.576)
12-Oct-2022 07:33:56 INFO - All Active Orders Viewed
12-Oct-2022 07:34:56 INFO - Viewd All Users
12-Oct-2022 07:36:02 INFO - New Book Added To the Store
12-Oct-2022 07:37:34 INFO - Viewed All the Books
12-Oct-2022 07:38:18 INFO - Viewed All Delivered Orders
12-Oct-2022 07:39:14 INFO - Book Details are Modified
12-Oct-2022 07:39:37 INFO - Viewed All the Books
12-Oct-2022 07:40:57 INFO - Order Status is Updated By OrderId:201
12-Oct-2022 07:41:14 INFO - Order Status is Updated By OrderId:201
12-Oct-2022 07:41:26 INFO - Order Status is Updated By OrderId:202
12-Oct-2022 07:41:41 INFO - Order Status is Updated By OrderId:203
12-Oct-2022 07:41:47 INFO - Order Status is Updated By OrderId:204
12-Oct-2022 07:41:53 INFO - Order Status is Updated By OrderId:205
12-Oct-2022 07:42:04 INFO - All Active Orders Viewed
12-Oct-2022 07:43:05 ERROR - Sorry this Order is Not Exist
12-Oct-2022 07:43:13 INFO - Viewed Order Items By OrderId:204
12-Oct-2022 07:43:19 INFO - Viewed Order Items By OrderId:205
12-Oct-2022 07:45:29 INFO - Cart Is Viewed
12-Oct-2022 07:45:53 INFO - Cart Is Viewed
12-Oct-2022 07:46:30 INFO - Cart Is Viewed
12-Oct-2022 07:46:45 INFO - Profile is Viewed By User:
12-Oct-2022 07:47:22 ERROR - Sorry BookNot Found it is from properties
12-Oct-2022 07:47:32 INFO - One Book Is Ordered
12-Oct-2022 07:49:51 INFO - Viewed Active Orders By User:ajith@gmail.ocm
12-Oct-2022 07:50:51 INFO - Cart Is Viewed
12-Oct-2022 07:51:11 INFO - All Cart Items Are Ordered
12-Oct-2022 07:51:24 INFO - Cart Is Viewed
12-Oct-2022 07:52:07 INFO - Viewed Delivered Orders By User:bhuvan@gmail.com
12-Oct-2022 07:52:14 INFO - Viewed Delivered Orders By User:ajith@gmail.ocm
12-Oct-2022 07:53:09 INFO - Viewed Order Items By OrderId:207
12-Oct-2022 07:53:30 INFO - Viewed All the Books
12-Oct-2022 07:54:30 INFO - Searching Books By Name:rich
12-Oct-2022 07:55:19 INFO - Searching Books By Category:motivation
12-Oct-2022 07:55:52 ERROR - Sorry BookNot Found it is from properties
12-Oct-2022 07:55:56 ERROR - Sorry BookNot Found it is from properties
12-Oct-2022 07:58:19 ERROR - Sorry BookNot Found it is from properties
12-Oct-2022 08:00:17 INFO - Viewd All Users
12-Oct-2022 08:00:45 INFO - Viewd All Users
12-Oct-2022 08:03:16 INFO - Starting BookStoreApplication using Java 17.0.3 on LAPTOP-HBD9VO2D with PID 26820 (C:\Users\damab\RestProject\BookStore\target\classes started by damab in C:\Users\damab\RestProject\BookStore)
12-Oct-2022 08:03:16 DEBUG - Running with Spring Boot v2.7.4, Spring v5.3.23
12-Oct-2022 08:03:16 INFO - No active profile set, falling back to 1 default profile: "default"
12-Oct-2022 08:03:17 INFO - Started BookStoreApplication in 1.088 seconds (JVM running for 1847.452)
12-Oct-2022 08:04:34 INFO - Viewd All Users
12-Oct-2022 08:04:50 INFO - Viewd All Users
12-Oct-2022 08:05:16 INFO - Starting BookStoreApplication using Java 17.0.3 on LAPTOP-HBD9VO2D with PID 26820 (C:\Users\damab\RestProject\BookStore\target\classes started by damab in C:\Users\damab\RestProject\BookStore)
12-Oct-2022 08:05:16 DEBUG - Running with Spring Boot v2.7.4, Spring v5.3.23
12-Oct-2022 08:05:16 INFO - No active profile set, falling back to 1 default profile: "default"
12-Oct-2022 08:05:17 INFO - Started BookStoreApplication in 0.812 seconds (JVM running for 1967.135)
12-Oct-2022 08:05:57 INFO - Viewd All Users
12-Oct-2022 08:06:48 INFO - Starting BookStoreApplication using Java 17.0.3 on LAPTOP-HBD9VO2D with PID 26820 (C:\Users\damab\RestProject\BookStore\target\classes started by damab in C:\Users\damab\RestProject\BookStore)
12-Oct-2022 08:06:48 DEBUG - Running with Spring Boot v2.7.4, Spring v5.3.23
12-Oct-2022 08:06:48 INFO - No active profile set, falling back to 1 default profile: "default"
12-Oct-2022 08:07:31 INFO - Starting BookStoreApplication using Java 17.0.3 on LAPTOP-HBD9VO2D with PID 26820 (C:\Users\damab\RestProject\BookStore\target\classes started by damab in C:\Users\damab\RestProject\BookStore)
12-Oct-2022 08:07:31 DEBUG - Running with Spring Boot v2.7.4, Spring v5.3.23
12-Oct-2022 08:07:31 INFO - No active profile set, falling back to 1 default profile: "default"
12-Oct-2022 08:07:32 INFO - Started BookStoreApplication in 0.982 seconds (JVM running for 2102.083)
12-Oct-2022 08:07:56 INFO - Starting BookStoreApplication using Java 17.0.3 on LAPTOP-HBD9VO2D with PID 26820 (C:\Users\damab\RestProject\BookStore\target\classes started by damab in C:\Users\damab\RestProject\BookStore)
12-Oct-2022 08:07:56 DEBUG - Running with Spring Boot v2.7.4, Spring v5.3.23
12-Oct-2022 08:07:56 INFO - No active profile set, falling back to 1 default profile: "default"
12-Oct-2022 08:07:57 INFO - Started BookStoreApplication in 0.92 seconds (JVM running for 2127.259)
12-Oct-2022 08:08:15 INFO - Starting BookStoreApplication using Java 17.0.3 on LAPTOP-HBD9VO2D with PID 26820 (C:\Users\damab\RestProject\BookStore\target\classes started by damab in C:\Users\damab\RestProject\BookStore)
12-Oct-2022 08:08:15 DEBUG - Running with Spring Boot v2.7.4, Spring v5.3.23
12-Oct-2022 08:08:15 INFO - No active profile set, falling back to 1 default profile: "default"
12-Oct-2022 08:08:16 INFO - Started BookStoreApplication in 0.773 seconds (JVM running for 2146.205)
12-Oct-2022 08:08:24 INFO - Viewd All Users
12-Oct-2022 08:09:22 INFO - Viewed All the Books
12-Oct-2022 11:38:17 INFO - Starting BookStoreApplication using Java 17.0.3 on LAPTOP-HBD9VO2D with PID 16704 (C:\Users\damab\RestProject\BookStore\target\classes started by damab in C:\Users\damab\RestProject\BookStore)
12-Oct-2022 11:38:17 DEBUG - Running with Spring Boot v2.7.4, Spring v5.3.23
12-Oct-2022 11:38:17 INFO - No active profile set, falling back to 1 default profile: "default"
12-Oct-2022 11:38:24 INFO - Started BookStoreApplication in 7.307 seconds (JVM running for 9.34)
12-Oct-2022 11:52:33 INFO - Starting BookStoreApplication using Java 17.0.3 on LAPTOP-HBD9VO2D with PID 16704 (C:\Users\damab\RestProject\BookStore\target\classes started by damab in C:\Users\damab\RestProject\BookStore)
12-Oct-2022 11:52:33 DEBUG - Running with Spring Boot v2.7.4, Spring v5.3.23
12-Oct-2022 11:52:33 INFO - No active profile set, falling back to 1 default profile: "default"
12-Oct-2022 11:52:34 INFO - Started BookStoreApplication in 1.559 seconds (JVM running for 859.648)
12-Oct-2022 11:52:40 ERROR - Your Cart Doesn't have this Item
12-Oct-2022 11:52:54 ERROR - Your Cart Doesn't have this Item
12-Oct-2022 11:52:59 ERROR - Your Cart Doesn't have this Item
12-Oct-2022 11:56:03 INFO - One Book Is Ordered
12-Oct-2022 11:56:55 INFO - Book Is Added To The Cart
12-Oct-2022 11:57:21 INFO - Book Is Added To The Cart
12-Oct-2022 11:57:36 INFO - Book Is Added To The Cart
12-Oct-2022 11:59:40 INFO - Cart Item Quantity is Changed To:2
12-Oct-2022 12:00:58 INFO - All Cart Items Are Ordered
12-Oct-2022 12:02:29 INFO - Cart Is Viewed
12-Oct-2022 12:04:42 INFO - All Active Orders Viewed
12-Oct-2022 12:06:14 INFO - Viewed All Delivered Orders
12-Oct-2022 12:10:54 INFO - Starting BookStoreApplication using Java 17.0.3 on LAPTOP-HBD9VO2D with PID 24868 (C:\Users\damab\RestProject\BookStore\target\classes started by damab in C:\Users\damab\RestProject\BookStore)
12-Oct-2022 12:10:54 DEBUG - Running with Spring Boot v2.7.4, Spring v5.3.23
12-Oct-2022 12:10:54 INFO - No active profile set, falling back to 1 default profile: "default"
12-Oct-2022 12:10:58 INFO - Started BookStoreApplication in 4.252 seconds (JVM running for 5.254)
12-Oct-2022 12:11:36 INFO - Viewed Order Items By OrderId:207
12-Oct-2022 12:11:56 INFO - Viewed Order Items By OrderId:206
12-Oct-2022 12:12:06 INFO - Viewed Order Items By OrderId:207
12-Oct-2022 12:12:30 INFO - All Active Orders Viewed
12-Oct-2022 12:12:59 INFO - Viewed Order Items By OrderId:210
12-Oct-2022 12:13:21 INFO - Order Status is Updated By OrderId:210
12-Oct-2022 12:13:41 INFO - All Active Orders Viewed
12-Oct-2022 12:14:10 INFO - Viewed Active Orders By User:prabhas@gmail.com
12-Oct-2022 12:14:37 INFO - Viewed Delivered Orders By User:prabhas@gmail.com
12-Oct-2022 14:32:44 INFO - Starting BookStoreApplication using Java 17.0.3 on LAPTOP-HBD9VO2D with PID 11212 (C:\Users\damab\RestProject\BookStore\target\classes started by damab in C:\Users\damab\RestProject\BookStore)
12-Oct-2022 14:32:44 DEBUG - Running with Spring Boot v2.7.4, Spring v5.3.23
12-Oct-2022 14:32:44 INFO - No active profile set, falling back to 1 default profile: "default"
12-Oct-2022 14:32:49 INFO - Started BookStoreApplication in 4.814 seconds (JVM running for 6.071)
12-Oct-2022 14:38:31 INFO - Book Deleted From The Store SuccessFully
12-Oct-2022 14:40:13 INFO - User Removed SuccessFully
12-Oct-2022 14:51:37 INFO - Starting BookStoreApplication using Java 17.0.3 on LAPTOP-HBD9VO2D with PID 11212 (C:\Users\damab\RestProject\BookStore\target\classes started by damab in C:\Users\damab\RestProject\BookStore)
12-Oct-2022 14:51:37 DEBUG - Running with Spring Boot v2.7.4, Spring v5.3.23
12-Oct-2022 14:51:37 INFO - No active profile set, falling back to 1 default profile: "default"
12-Oct-2022 14:51:38 INFO - Started BookStoreApplication in 1.619 seconds (JVM running for 1135.806)
12-Oct-2022 14:53:25 INFO - Starting BookStoreApplication using Java 17.0.3 on LAPTOP-HBD9VO2D with PID 11212 (C:\Users\damab\RestProject\BookStore\target\classes started by damab in C:\Users\damab\RestProject\BookStore)
12-Oct-2022 14:53:25 DEBUG - Running with Spring Boot v2.7.4, Spring v5.3.23
12-Oct-2022 14:53:25 INFO - No active profile set, falling back to 1 default profile: "default"
12-Oct-2022 14:53:26 INFO - Started BookStoreApplication in 1.519 seconds (JVM running for 1243.9)
12-Oct-2022 14:55:53 INFO - Viewd All Users
12-Oct-2022 14:56:34 INFO - Viewed All the Books
12-Oct-2022 14:56:45 INFO - Viewed All Delivered Orders
12-Oct-2022 14:58:02 ERROR - Sorry User is Not Exist
12-Oct-2022 14:58:10 INFO - Cart Is Viewed
12-Oct-2022 14:58:16 INFO - Cart Is Viewed
12-Oct-2022 14:58:42 ERROR - Sorry User is Not Exist
12-Oct-2022 15:00:15 INFO - Starting BookStoreApplication using Java 17.0.3 on LAPTOP-HBD9VO2D with PID 25428 (C:\Users\damab\RestProject\BookStore\target\classes started by damab in C:\Users\damab\RestProject\BookStore)
12-Oct-2022 15:00:15 DEBUG - Running with Spring Boot v2.7.4, Spring v5.3.23
12-Oct-2022 15:00:15 INFO - No active profile set, falling back to 1 default profile: "default"
12-Oct-2022 15:00:21 INFO - Started BookStoreApplication in 6.162 seconds (JVM running for 7.859)
12-Oct-2022 18:51:21 INFO - Starting BookStoreApplication using Java 17.0.3 on LAPTOP-HBD9VO2D with PID 24896 (C:\Users\damab\RestProject\BookStore\target\classes started by damab in C:\Users\damab\RestProject\BookStore)
12-Oct-2022 18:51:21 DEBUG - Running with Spring Boot v2.7.4, Spring v5.3.23
12-Oct-2022 18:51:21 INFO - No active profile set, falling back to 1 default profile: "default"
12-Oct-2022 18:51:27 INFO - Started BookStoreApplication in 7.091 seconds (JVM running for 8.791)
12-Oct-2022 18:51:45 INFO - All Active Orders Viewed
12-Oct-2022 18:52:27 INFO - Viewd All Users
12-Oct-2022 18:54:30 INFO - Signup Successprabhas@gmail.com
12-Oct-2022 18:54:38 ERROR - This User Email is Already Registered Try New One
12-Oct-2022 19:15:00 ERROR - Sorry User is Not Exist
12-Oct-2022 19:15:06 INFO - Profile is Viewed By User:
12-Oct-2022 19:16:15 INFO - User Data Is Modified
12-Oct-2022 21:41:05 INFO - Starting BookStoreApplication using Java 17.0.3 on LAPTOP-HBD9VO2D with PID 1012 (C:\Users\damab\RestProject\BookStore\target\classes started by damab in C:\Users\damab\RestProject\BookStore)
12-Oct-2022 21:41:05 DEBUG - Running with Spring Boot v2.7.4, Spring v5.3.23
12-Oct-2022 21:41:05 INFO - No active profile set, falling back to 1 default profile: "default"
12-Oct-2022 21:41:10 INFO - Started BookStoreApplication in 4.764 seconds (JVM running for 5.986)
12-Oct-2022 21:42:50 INFO - Starting BookStoreApplication using Java 17.0.3 on LAPTOP-HBD9VO2D with PID 15988 (C:\Users\damab\RestProject\BookStore\target\classes started by damab in C:\Users\damab\RestProject\BookStore)
12-Oct-2022 21:42:50 DEBUG - Running with Spring Boot v2.7.4, Spring v5.3.23
12-Oct-2022 21:42:50 INFO - No active profile set, falling back to 1 default profile: "default"
12-Oct-2022 21:42:54 INFO - Started BookStoreApplication in 4.998 seconds (JVM running for 6.17)
12-Oct-2022 21:43:29 INFO - Starting BookStoreApplication using Java 17.0.3 on LAPTOP-HBD9VO2D with PID 15988 (C:\Users\damab\RestProject\BookStore\target\classes started by damab in C:\Users\damab\RestProject\BookStore)
12-Oct-2022 21:43:29 DEBUG - Running with Spring Boot v2.7.4, Spring v5.3.23
12-Oct-2022 21:43:29 INFO - No active profile set, falling back to 1 default profile: "default"
12-Oct-2022 21:43:30 INFO - Started BookStoreApplication in 0.991 seconds (JVM running for 41.794)
12-Oct-2022 21:49:13 INFO - Starting BookStoreApplication using Java 17.0.3 on LAPTOP-HBD9VO2D with PID 15988 (C:\Users\damab\RestProject\BookStore\target\classes started by damab in C:\Users\damab\RestProject\BookStore)
12-Oct-2022 21:49:13 DEBUG - Running with Spring Boot v2.7.4, Spring v5.3.23
12-Oct-2022 21:49:13 INFO - No active profile set, falling back to 1 default profile: "default"
12-Oct-2022 21:49:14 INFO - Started BookStoreApplication in 0.948 seconds (JVM running for 385.416)
12-Oct-2022 21:50:00 INFO - New Book Added To the Store
12-Oct-2022 21:50:43 INFO - New Book Added To the Store
12-Oct-2022 21:52:36 INFO - Viewed All the Books
12-Oct-2022 21:54:26 INFO - Starting BookStoreApplication using Java 17.0.3 on LAPTOP-HBD9VO2D with PID 15988 (C:\Users\damab\RestProject\BookStore\target\classes started by damab in C:\Users\damab\RestProject\BookStore)
12-Oct-2022 21:54:26 DEBUG - Running with Spring Boot v2.7.4, Spring v5.3.23
12-Oct-2022 21:54:26 INFO - No active profile set, falling back to 1 default profile: "default"
12-Oct-2022 21:54:27 INFO - Started BookStoreApplication in 0.915 seconds (JVM running for 699.139)
12-Oct-2022 21:54:45 INFO - Viewed All the Books
12-Oct-2022 21:55:18 INFO - New Book Added To the Store
12-Oct-2022 21:55:27 INFO - Viewed All the Books
12-Oct-2022 21:57:21 INFO - Book Details are Modified
12-Oct-2022 21:59:00 ERROR - Sorry BookNot Found 
12-Oct-2022 21:59:17 INFO - Book Details are Modified
12-Oct-2022 21:59:26 INFO - Viewed All the Books
12-Oct-2022 21:59:53 ERROR - Sorry BookNot Found 
12-Oct-2022 22:00:36 ERROR - Sorry BookNot Found 
12-Oct-2022 22:01:01 INFO - Searching Books By Name:rich
12-Oct-2022 22:01:10 INFO - Searching Books By Name:think
12-Oct-2022 22:01:44 INFO - Searching Books By Name:late
12-Oct-2022 22:01:51 INFO - Searching Books By Name:zero
12-Oct-2022 22:02:13 INFO - Searching Books By Category:moti
12-Oct-2022 22:02:20 INFO - Searching Books By Category:knowledge
12-Oct-2022 22:04:43 INFO - Starting BookStoreApplication using Java 17.0.3 on LAPTOP-HBD9VO2D with PID 15988 (C:\Users\damab\RestProject\BookStore\target\classes started by damab in C:\Users\damab\RestProject\BookStore)
12-Oct-2022 22:04:43 DEBUG - Running with Spring Boot v2.7.4, Spring v5.3.23
12-Oct-2022 22:04:43 INFO - No active profile set, falling back to 1 default profile: "default"
12-Oct-2022 22:04:44 INFO - Started BookStoreApplication in 0.943 seconds (JVM running for 1316.143)
12-Oct-2022 22:05:00 INFO - Starting BookStoreApplication using Java 17.0.3 on LAPTOP-HBD9VO2D with PID 15988 (C:\Users\damab\RestProject\BookStore\target\classes started by damab in C:\Users\damab\RestProject\BookStore)
12-Oct-2022 22:05:00 DEBUG - Running with Spring Boot v2.7.4, Spring v5.3.23
12-Oct-2022 22:05:00 INFO - No active profile set, falling back to 1 default profile: "default"
12-Oct-2022 22:05:01 INFO - Started BookStoreApplication in 0.948 seconds (JVM running for 1332.955)
12-Oct-2022 22:05:10 INFO - Searching Books By Category:knowledge
12-Oct-2022 22:05:17 INFO - Searching Books By Category:moti
12-Oct-2022 22:05:22 INFO - Searching Books By Name:zero
12-Oct-2022 22:05:30 INFO - Searching Books By Name:la
12-Oct-2022 22:06:00 INFO - Starting BookStoreApplication using Java 17.0.3 on LAPTOP-HBD9VO2D with PID 15988 (C:\Users\damab\RestProject\BookStore\target\classes started by damab in C:\Users\damab\RestProject\BookStore)
12-Oct-2022 22:06:00 DEBUG - Running with Spring Boot v2.7.4, Spring v5.3.23
12-Oct-2022 22:06:00 INFO - No active profile set, falling back to 1 default profile: "default"
12-Oct-2022 22:06:01 INFO - Started BookStoreApplication in 0.953 seconds (JVM running for 1392.865)
12-Oct-2022 22:06:25 INFO - Viewd All Users
12-Oct-2022 22:07:31 ERROR - Sorry BookNot Found 
12-Oct-2022 22:08:42 INFO - Book Deleted From The Store SuccessFully
12-Oct-2022 22:11:11 INFO - Viewed All the Books
12-Oct-2022 22:11:17 INFO - New Book Added To the Store
12-Oct-2022 22:11:21 INFO - Viewed All the Books
12-Oct-2022 22:13:28 INFO - Signup Successbhuvan@gmail.com
12-Oct-2022 22:15:41 INFO - Starting BookStoreApplication using Java 17.0.3 on LAPTOP-HBD9VO2D with PID 15988 (C:\Users\damab\RestProject\BookStore\target\classes started by damab in C:\Users\damab\RestProject\BookStore)
12-Oct-2022 22:15:41 DEBUG - Running with Spring Boot v2.7.4, Spring v5.3.23
12-Oct-2022 22:15:41 INFO - No active profile set, falling back to 1 default profile: "default"
12-Oct-2022 22:15:42 INFO - Started BookStoreApplication in 0.963 seconds (JVM running for 1973.442)
12-Oct-2022 22:15:50 INFO - Viewd All Users
12-Oct-2022 22:21:53 INFO - Enter the Correct Credentials
12-Oct-2022 22:23:14 INFO - Login SuccessFully bhuvan@gmail.com
12-Oct-2022 22:23:50 ERROR - Sorry User is Not Exist
12-Oct-2022 22:25:08 INFO - User Data Is Modified
12-Oct-2022 22:27:32 INFO - Signup Successkiran@gmail.com
12-Oct-2022 22:27:43 INFO - Viewd All Users
12-Oct-2022 22:28:59 INFO - User Removed SuccessFully
12-Oct-2022 22:29:45 ERROR - Sorry User is Not Exist
12-Oct-2022 22:29:55 INFO - Signup Successkiran@gmail.com
12-Oct-2022 22:30:01 INFO - Viewd All Users
12-Oct-2022 22:32:51 INFO - Book Is Added To The Cart
12-Oct-2022 22:33:02 ERROR - Sorry BookNot Found 
12-Oct-2022 22:33:06 ERROR - Sorry BookNot Found 
12-Oct-2022 22:33:12 INFO - Book Is Added To The Cart
12-Oct-2022 22:33:45 INFO - Cart Item Quantity is Changed To:
12-Oct-2022 22:34:07 INFO - Cart Item Quantity is Changed To:
12-Oct-2022 22:35:13 ERROR - Your Cart Doesn't have this Item
12-Oct-2022 22:35:19 INFO - Cart Item Deleted Successfully
12-Oct-2022 22:35:58 INFO - Cart Is Viewed
12-Oct-2022 22:37:34 INFO - All Cart Items Are Ordered
12-Oct-2022 22:39:47 ERROR - Sorry this Order is Not Exist
12-Oct-2022 22:39:55 ERROR - Sorry this Order is Not Exist
12-Oct-2022 22:40:05 ERROR - Sorry this Order is Not Exist
12-Oct-2022 22:40:32 INFO - All Active Orders Viewed
12-Oct-2022 22:40:47 INFO - Viewed Order Items By OrderId:1
12-Oct-2022 22:42:54 INFO - Starting BookStoreApplication using Java 17.0.3 on LAPTOP-HBD9VO2D with PID 15988 (C:\Users\damab\RestProject\BookStore\target\classes started by damab in C:\Users\damab\RestProject\BookStore)
12-Oct-2022 22:42:54 DEBUG - Running with Spring Boot v2.7.4, Spring v5.3.23
12-Oct-2022 22:42:54 INFO - No active profile set, falling back to 1 default profile: "default"
12-Oct-2022 22:42:54 INFO - Started BookStoreApplication in 0.85 seconds (JVM running for 3606.321)
12-Oct-2022 22:44:59 INFO - Starting BookStoreApplication using Java 17.0.3 on LAPTOP-HBD9VO2D with PID 15988 (C:\Users\damab\RestProject\BookStore\target\classes started by damab in C:\Users\damab\RestProject\BookStore)
12-Oct-2022 22:44:59 DEBUG - Running with Spring Boot v2.7.4, Spring v5.3.23
12-Oct-2022 22:44:59 INFO - No active profile set, falling back to 1 default profile: "default"
12-Oct-2022 22:45:00 INFO - Started BookStoreApplication in 0.861 seconds (JVM running for 3732.09)
12-Oct-2022 22:48:58 INFO - Starting BookStoreApplication using Java 17.0.3 on LAPTOP-HBD9VO2D with PID 15988 (C:\Users\damab\RestProject\BookStore\target\classes started by damab in C:\Users\damab\RestProject\BookStore)
12-Oct-2022 22:48:58 DEBUG - Running with Spring Boot v2.7.4, Spring v5.3.23
12-Oct-2022 22:48:58 INFO - No active profile set, falling back to 1 default profile: "default"
12-Oct-2022 22:48:59 INFO - Started BookStoreApplication in 0.851 seconds (JVM running for 3970.791)
12-Oct-2022 22:51:46 INFO - Viewed Order Items By OrderId:1
12-Oct-2022 22:52:49 INFO - Starting BookStoreApplication using Java 17.0.3 on LAPTOP-HBD9VO2D with PID 15988 (C:\Users\damab\RestProject\BookStore\target\classes started by damab in C:\Users\damab\RestProject\BookStore)
12-Oct-2022 22:52:49 DEBUG - Running with Spring Boot v2.7.4, Spring v5.3.23
12-Oct-2022 22:52:49 INFO - No active profile set, falling back to 1 default profile: "default"
12-Oct-2022 22:52:50 INFO - Started BookStoreApplication in 0.853 seconds (JVM running for 4201.63)
12-Oct-2022 22:52:53 INFO - Viewed Order Items By OrderId:1
12-Oct-2022 22:53:15 INFO - Starting BookStoreApplication using Java 17.0.3 on LAPTOP-HBD9VO2D with PID 15988 (C:\Users\damab\RestProject\BookStore\target\classes started by damab in C:\Users\damab\RestProject\BookStore)
12-Oct-2022 22:53:15 DEBUG - Running with Spring Boot v2.7.4, Spring v5.3.23
12-Oct-2022 22:53:15 INFO - No active profile set, falling back to 1 default profile: "default"
12-Oct-2022 22:53:16 INFO - Started BookStoreApplication in 0.81 seconds (JVM running for 4227.809)
12-Oct-2022 22:53:18 INFO - Viewed Order Items By OrderId:1
12-Oct-2022 22:53:38 INFO - Starting BookStoreApplication using Java 17.0.3 on LAPTOP-HBD9VO2D with PID 15988 (C:\Users\damab\RestProject\BookStore\target\classes started by damab in C:\Users\damab\RestProject\BookStore)
12-Oct-2022 22:53:38 DEBUG - Running with Spring Boot v2.7.4, Spring v5.3.23
12-Oct-2022 22:53:38 INFO - No active profile set, falling back to 1 default profile: "default"
12-Oct-2022 22:53:39 INFO - Started BookStoreApplication in 0.882 seconds (JVM running for 4250.995)
12-Oct-2022 22:53:41 INFO - Viewed Order Items By OrderId:1
12-Oct-2022 22:53:56 INFO - Starting BookStoreApplication using Java 17.0.3 on LAPTOP-HBD9VO2D with PID 15988 (C:\Users\damab\RestProject\BookStore\target\classes started by damab in C:\Users\damab\RestProject\BookStore)
12-Oct-2022 22:53:56 DEBUG - Running with Spring Boot v2.7.4, Spring v5.3.23
12-Oct-2022 22:53:56 INFO - No active profile set, falling back to 1 default profile: "default"
12-Oct-2022 22:53:57 INFO - Started BookStoreApplication in 0.891 seconds (JVM running for 4268.958)
12-Oct-2022 22:53:59 INFO - Viewed Order Items By OrderId:1
12-Oct-2022 22:54:02 INFO - Viewed Order Items By OrderId:1
12-Oct-2022 22:55:47 INFO - Cart Is Viewed
12-Oct-2022 22:59:14 ERROR - Sorry User is Not Exist
12-Oct-2022 22:59:18 INFO - Viewed Active Orders By User:bhuvan@gmail.com
12-Oct-2022 23:00:57 INFO - Viewed Active Orders By User:bhuvan@gmail.com
12-Oct-2022 23:03:09 ERROR - Sorry User is Not Exist
12-Oct-2022 23:03:14 INFO - Viewed Delivered Orders By User:bhuvan@gmail.com
12-Oct-2022 23:03:34 INFO - Viewed Order Items By OrderId:1
12-Oct-2022 23:04:17 INFO - Viewed Active Orders By User:bhuvan@gmail.com
12-Oct-2022 23:05:21 INFO - Viewed All the Books
12-Oct-2022 23:05:36 INFO - Searching Books By Name:rich
12-Oct-2022 23:05:44 INFO - Searching Books By Name:lat
12-Oct-2022 23:05:59 INFO - Searching Books By Category:motivation
12-Oct-2022 23:07:16 ERROR - Your Cart Doesn't have this Item
12-Oct-2022 23:07:34 ERROR - Your Cart Doesn't have this Item
12-Oct-2022 23:07:41 ERROR - Your Cart Doesn't have this Item
12-Oct-2022 23:07:50 INFO - Cart Is Viewed
12-Oct-2022 23:08:07 INFO - Book Is Added To The Cart
12-Oct-2022 23:08:25 INFO - Cart Item Quantity is Changed To:2
12-Oct-2022 23:08:39 INFO - Cart Is Viewed
12-Oct-2022 23:09:03 INFO - Cart Is Viewed
12-Oct-2022 23:10:28 INFO - Starting BookStoreApplication using Java 17.0.3 on LAPTOP-HBD9VO2D with PID 15988 (C:\Users\damab\RestProject\BookStore\target\classes started by damab in C:\Users\damab\RestProject\BookStore)
12-Oct-2022 23:10:28 DEBUG - Running with Spring Boot v2.7.4, Spring v5.3.23
12-Oct-2022 23:10:28 INFO - No active profile set, falling back to 1 default profile: "default"
12-Oct-2022 23:10:29 INFO - Started BookStoreApplication in 0.889 seconds (JVM running for 5260.4)
12-Oct-2022 23:10:34 INFO - Cart Is Viewed
12-Oct-2022 23:10:39 INFO - Cart Is Viewed
12-Oct-2022 23:11:04 ERROR - Your Cart Doesn't have this Item
12-Oct-2022 23:11:11 INFO - Cart Is Viewed
12-Oct-2022 23:11:38 ERROR - Sorry BookNot Found 
12-Oct-2022 23:11:44 INFO - One Book Is Ordered
12-Oct-2022 23:12:40 INFO - Viewed Active Orders By User:bhuvan@gmail.com
12-Oct-2022 23:14:03 INFO - Cart Is Viewed
12-Oct-2022 23:14:10 ERROR - Sorry User is Not Exist
12-Oct-2022 23:14:15 INFO - Profile is Viewed By User:
12-Oct-2022 23:14:26 INFO - All Cart Items Are Ordered
12-Oct-2022 23:14:37 INFO - Viewed Active Orders By User:bhuvan@gmail.com
12-Oct-2022 23:14:55 INFO - Viewed Delivered Orders By User:bhuvan@gmail.com
12-Oct-2022 23:15:01 INFO - Viewed Order Items By OrderId:1
12-Oct-2022 23:15:09 INFO - Viewed Order Items By OrderId:2
12-Oct-2022 23:15:16 INFO - Viewed Order Items By OrderId:3
12-Oct-2022 23:15:28 INFO - Viewed All the Books
12-Oct-2022 23:18:29 ERROR - Sorry this Order is Not Exist
12-Oct-2022 23:18:40 INFO - Order Status is Updated By OrderId:1
12-Oct-2022 23:19:10 INFO - Viewed All Delivered Orders
12-Oct-2022 23:19:28 INFO - Viewed Order Items By OrderId:1
12-Oct-2022 23:19:42 INFO - Viewed Delivered Orders By User:bhuvan@gmail.com
12-Oct-2022 23:19:57 INFO - Viewed Order Items By OrderId:3
12-Oct-2022 23:33:55 INFO - Starting BookStoreApplication using Java 17.0.3 on LAPTOP-HBD9VO2D with PID 27432 (C:\Users\damab\RestProject\BookStore\target\classes started by damab in C:\Users\damab\RestProject\BookStore)
12-Oct-2022 23:33:55 DEBUG - Running with Spring Boot v2.7.4, Spring v5.3.23
12-Oct-2022 23:33:55 INFO - No active profile set, falling back to 1 default profile: "default"
12-Oct-2022 23:34:00 INFO - Started BookStoreApplication in 5.888 seconds (JVM running for 7.22)
12-Oct-2022 23:34:51 INFO - Starting BookStoreApplication using Java 17.0.3 on LAPTOP-HBD9VO2D with PID 27432 (C:\Users\damab\RestProject\BookStore\target\classes started by damab in C:\Users\damab\RestProject\BookStore)
12-Oct-2022 23:34:51 DEBUG - Running with Spring Boot v2.7.4, Spring v5.3.23
12-Oct-2022 23:34:51 INFO - No active profile set, falling back to 1 default profile: "default"
12-Oct-2022 23:34:52 INFO - Started BookStoreApplication in 1.206 seconds (JVM running for 58.766)
13-Oct-2022 07:08:47 INFO - Starting BookStoreApplication using Java 17.0.3 on LAPTOP-HBD9VO2D with PID 9728 (C:\Users\damab\RestProject\BookStore\target\classes started by damab in C:\Users\damab\RestProject\BookStore)
13-Oct-2022 07:08:47 DEBUG - Running with Spring Boot v2.7.4, Spring v5.3.23
13-Oct-2022 07:08:47 INFO - No active profile set, falling back to 1 default profile: "default"
13-Oct-2022 07:08:53 INFO - Started BookStoreApplication in 6.261 seconds (JVM running for 7.567)
13-Oct-2022 07:09:49 INFO - Viewd All Users
13-Oct-2022 07:10:06 INFO - Signup Successkiran@gmail.com
13-Oct-2022 07:10:38 INFO - Signup Successbhuvan@gmail.com
13-Oct-2022 07:10:47 INFO - Viewd All Users
13-Oct-2022 07:11:03 INFO - New Book Added To the Store
13-Oct-2022 07:14:37 INFO - New Book Added To the Store
13-Oct-2022 07:14:43 INFO - Viewed All the Books
13-Oct-2022 07:16:15 INFO - New Book Added To the Store
13-Oct-2022 07:18:53 INFO - New Book Added To the Store
13-Oct-2022 07:18:57 INFO - Viewed All the Books
13-Oct-2022 07:19:26 INFO - Viewd All Users
13-Oct-2022 07:44:24 INFO - Searching Books By Name:la
13-Oct-2022 07:44:30 INFO - Searching Books By Name:zer
13-Oct-2022 07:44:36 INFO - Searching Books By Category:moti
13-Oct-2022 07:44:45 INFO - Searching Books By Category:hi
13-Oct-2022 07:46:39 INFO - Cart Is Viewed
13-Oct-2022 07:51:07 INFO - Viewd All Users
13-Oct-2022 09:10:35 INFO - Starting BookStoreApplication using Java 17.0.3 on LAPTOP-HBD9VO2D with PID 19916 (C:\Users\damab\RestProject\BookStore\target\classes started by damab in C:\Users\damab\RestProject\BookStore)
13-Oct-2022 09:10:35 DEBUG - Running with Spring Boot v2.7.4, Spring v5.3.23
13-Oct-2022 09:10:35 INFO - No active profile set, falling back to 1 default profile: "default"
13-Oct-2022 09:10:43 INFO - Started BookStoreApplication in 7.87 seconds (JVM running for 9.897)
13-Oct-2022 09:11:18 INFO - Viewd All Users
13-Oct-2022 09:11:48 INFO - Viewed All the Books
13-Oct-2022 09:12:34 INFO - New Book Added To the Store
13-Oct-2022 09:12:43 INFO - Viewed All the Books
13-Oct-2022 09:13:05 INFO - Book Deleted From The Store SuccessFully
13-Oct-2022 09:13:14 INFO - Viewed All the Books
13-Oct-2022 09:13:55 INFO - Signup Successsumit@gmail.com
13-Oct-2022 09:14:04 ERROR - This User Email is Already Registered Try New One
13-Oct-2022 09:14:45 INFO - Login SuccessFully sumit@gmail.com
13-Oct-2022 09:14:58 INFO - Enter the Correct Credentials
13-Oct-2022 09:15:29 INFO - Profile is Viewed By User:
13-Oct-2022 09:15:53 ERROR - Sorry BookNot Found 
13-Oct-2022 09:16:02 ERROR - Sorry BookNot Found 
13-Oct-2022 09:16:12 INFO - Book Is Added To The Cart
13-Oct-2022 09:16:25 INFO - Cart Item Quantity is Changed To:
13-Oct-2022 09:16:36 INFO - Book Is Added To The Cart
13-Oct-2022 09:17:04 INFO - All Cart Items Are Ordered
13-Oct-2022 09:17:42 INFO - Viewed Active Orders By User:sumit@gmail.com
13-Oct-2022 09:18:34 INFO - All Active Orders Viewed
13-Oct-2022 09:19:09 INFO - Order Status is Updated By OrderId:201
13-Oct-2022 09:19:30 INFO - Viewed Active Orders By User:sumit@gmail.com
13-Oct-2022 09:19:47 INFO - Viewed Delivered Orders By User:sumit@gmail.com
13-Oct-2022 09:20:09 INFO - Viewed All the Books
13-Oct-2022 09:20:28 INFO - Searching Books By Category:history
13-Oct-2022 09:20:49 INFO - Searching Books By Name:modern
13-Oct-2022 09:21:36 INFO - User Data Is Modified
13-Oct-2022 09:21:54 ERROR - Sorry User is Not Exist
13-Oct-2022 09:22:08 INFO - Profile is Viewed By User:
13-Oct-2022 09:22:33 INFO - One Book Is Ordered
13-Oct-2022 09:22:52 INFO - Viewed Active Orders By User:sumit@gmail.com
13-Oct-2022 09:23:12 INFO - Book Is Added To The Cart
13-Oct-2022 09:23:22 INFO - Book Is Added To The Cart
13-Oct-2022 09:23:45 INFO - Cart Is Viewed
13-Oct-2022 09:24:31 INFO - Cart Item Quantity is Changed To:4
13-Oct-2022 09:24:40 INFO - Cart Is Viewed
13-Oct-2022 09:25:21 INFO - User Removed SuccessFully
13-Oct-2022 09:25:30 INFO - Viewd All Users
13-Oct-2022 09:26:14 INFO - Book Details are Modified
13-Oct-2022 09:26:30 INFO - Viewed All the Books
13-Oct-2022 09:28:36 ERROR - Sorry User is Not Exist
13-Oct-2022 21:46:30 INFO - Starting BookTest using Java 17.0.3 on LAPTOP-HBD9VO2D with PID 29024 (started by damab in C:\Users\damab\RestProject\BookStore)
13-Oct-2022 21:46:30 DEBUG - Running with Spring Boot v2.7.4, Spring v5.3.23
13-Oct-2022 21:46:30 INFO - No active profile set, falling back to 1 default profile: "default"
13-Oct-2022 21:46:35 INFO - Started BookTest in 5.975 seconds (JVM running for 9.189)
13-Oct-2022 21:46:35 INFO - Searching Books By Name:bahu
13-Oct-2022 21:46:36 INFO - Viewed All the Books
13-Oct-2022 21:46:36 INFO - Searching Books By Category:motivation
13-Oct-2022 21:49:48 INFO - Starting BookTest using Java 17.0.3 on LAPTOP-HBD9VO2D with PID 18912 (started by damab in C:\Users\damab\RestProject\BookStore)
13-Oct-2022 21:49:48 DEBUG - Running with Spring Boot v2.7.4, Spring v5.3.23
13-Oct-2022 21:49:48 INFO - No active profile set, falling back to 1 default profile: "default"
13-Oct-2022 21:49:54 INFO - Started BookTest in 5.589 seconds (JVM running for 7.642)
13-Oct-2022 21:49:54 INFO - Viewed All the Books
13-Oct-2022 21:49:54 INFO - Searching Books By Category:motivation
13-Oct-2022 21:50:18 INFO - Starting BookTest using Java 17.0.3 on LAPTOP-HBD9VO2D with PID 29376 (started by damab in C:\Users\damab\RestProject\BookStore)
13-Oct-2022 21:50:18 DEBUG - Running with Spring Boot v2.7.4, Spring v5.3.23
13-Oct-2022 21:50:18 INFO - No active profile set, falling back to 1 default profile: "default"
13-Oct-2022 21:50:23 INFO - Started BookTest in 5.589 seconds (JVM running for 7.691)
13-Oct-2022 21:50:24 INFO - Viewed All the Books
13-Oct-2022 21:50:24 INFO - Searching Books By Category:motivation
17-Oct-2022 16:17:39 INFO - Starting BookStoreApplication using Java 17.0.3 on LAPTOP-HBD9VO2D with PID 29828 (C:\Users\damab\RestProject\BookStore\target\classes started by damab in C:\Users\damab\RestProject\BookStore)
17-Oct-2022 16:17:39 DEBUG - Running with Spring Boot v2.7.4, Spring v5.3.23
17-Oct-2022 16:17:39 INFO - No active profile set, falling back to 1 default profile: "default"
17-Oct-2022 16:17:47 INFO - Started BookStoreApplication in 7.608 seconds (JVM running for 10.258)
17-Oct-2022 16:17:52 ERROR - Sorry User is Not Exist
17-Oct-2022 16:18:00 INFO - Profile is Viewed By User:
17-Oct-2022 16:18:11 INFO - Book Is Added To The Cart
17-Oct-2022 16:18:19 ERROR - Sorry BookNot Found 
17-Oct-2022 16:18:26 INFO - Book Is Added To The Cart
17-Oct-2022 16:25:39 INFO - Book Is Added To The Cart
